*** Using Compiler 'V5.06 update 6 (build 750)', folder: 'D:\bearPi\mdk_code\ARM\ARMCC\Bin'
Build target 'Fire_LiteOS'
compiling los_sys.c...
compiling los_tick.c...
compiling los_timeslice.c...
compiling los_priqueue.c...
compiling main.c...
compiling los_swtmr.c...
compiling los_task.c...
compiling cmsis_liteos.c...
compiling los_misc.c...
compiling los_heap.c...
compiling los_err.c...
compiling los_memcheck.c...
compiling los_event.c...
compiling los_mux.c...
compiling los_sem.c...
compiling los_queue.c...
compiling los_init.c...
compiling los_membox.c...
compiling los_slab.c...
compiling los_memory.c...
compiling los_memstat.c...
compiling los_hw.c...
compiling los_slabmem.c...
compiling los_hw_tick.c...
compiling los_hwi.c...
linking...
Program Size: Code=18208 RO-data=672 RW-data=232 ZI-data=1368  
FromELF: creating hex file...
"..\..\Output\Fire_LiteOS.axf" - 0 Error(s), 0 Warning(s).
Build Time Elapsed:  00:00:08
